<?xml version="1.0" encoding="UTF-8"?>
<testsuite xmlns:xsi="http://www.w3.org/2001/XMLSchema-instance" xsi:noNamespaceSchemaLocation="https://maven.apache.org/surefire/maven-surefire-plugin/xsd/surefire-test-report.xsd" name="ApiCreateCourierTest" time="6.412" tests="8" errors="0" skipped="0" failures="0">
  <properties>
[...]
</properties>
  <testcase name="createCourierTestWithoutDataRespondsErrorText" classname="ApiCreateCourierTest" time="2.01"/>
  <testcase name="createCourierTestWithExistLogin" classname="ApiCreateCourierTest" time="1.248"/>
  <testcase name="createCourierTestWithoutLogin" classname="ApiCreateCourierTest" time="0.453"/>
  <testcase name="createCourierSuccessTestWCode" classname="ApiCreateCourierTest" time="0.562"/>
  <testcase name="createCourierSuccessTestWMessage" classname="ApiCreateCourierTest" time="0.425"/>
  <testcase name="createCourierSuccessTest" classname="ApiCreateCourierTest" time="0.524"/>
  <testcase name="createExistCourierTest" classname="ApiCreateCourierTest" time="0.69"/>
  <testcase name="createCourierTestWithoutPassword" classname="ApiCreateCourierTest" time="0.439"/>
</testsuite>