<?xml version="1.0" encoding="UTF-8"?>
<testsuite xmlns:xsi="http://www.w3.org/2001/XMLSchema-instance" xsi:noNamespaceSchemaLocation="https://maven.apache.org/surefire/maven-surefire-plugin/xsd/surefire-test-report.xsd" name="ApiCreateCourierTest" time="4.035" tests="8" errors="0" skipped="0" failures="0">
  <properties>
[...]
</properties>
  <testcase name="createCourierTestWithoutDataRespondsErrorText" classname="ApiCreateCourierTest" time="1.572"/>
  <testcase name="createCourierTestWithExistLogin" classname="ApiCreateCourierTest" time="0.378"/>
  <testcase name="createCourierTestWithoutLogin" classname="ApiCreateCourierTest" time="0.28"/>
  <testcase name="createCourierSuccessTestWCode" classname="ApiCreateCourierTest" time="0.337"/>
  <testcase name="createCourierSuccessTestWMessage" classname="ApiCreateCourierTest" time="0.393"/>
  <testcase name="createCourierSuccessTest" classname="ApiCreateCourierTest" time="0.283"/>
  <testcase name="createExistCourierTest" classname="ApiCreateCourierTest" time="0.49"/>
  <testcase name="createCourierTestWithoutPassword" classname="ApiCreateCourierTest" time="0.244"/>
</testsuite>